<?xml version="1.0" encoding="UTF-8"?>
<!-- Generated by org.testng.reporters.JUnitReportReporter -->
<testsuite hostname="Laptop_W530_2" failures="0" tests="5" name="testCases.TC_003_LoginDDT" time="34.901" errors="0" timestamp="2024-03-01T02:21:33 IST" skipped="0">
  <testcase classname="testCases.TC_003_LoginDDT" name="verify_loginDDT" time="10.738"/>
  <testcase classname="testCases.TC_003_LoginDDT" name="verify_loginDDT" time="1.104"/>
  <testcase classname="testCases.TC_003_LoginDDT" name="verify_loginDDT" time="10.790"/>
  <testcase classname="testCases.TC_003_LoginDDT" name="verify_loginDDT" time="10.806"/>
  <testcase classname="testCases.TC_003_LoginDDT" name="verify_loginDDT" time="1.463"/>
</testsuite> <!-- testCases.TC_003_LoginDDT -->
